{
  "RSpec": {
    "coverage": {
      "/Users/brendanbondurant/1mod/practice/ic4/election_day_2308/lib/candidate.rb": {
        "lines": [
          1,
          1,
          null,
          1,
          12,
          12,
          12,
          null,
          null,
          1,
          4,
          null,
          null
        ]
      },
      "/Users/brendanbondurant/1mod/practice/ic4/election_day_2308/lib/race.rb": {
        "lines": [
          1,
          1,
          1,
          9,
          9,
          9,
          9,
          null,
          null,
          null,
          null,
          1,
          5,
          null,
          null,
          null,
          null,
          1,
          2,
          null,
          null,
          1,
          3,
          null,
          null,
          1,
          1,
          null,
          null,
          1,
          1,
          1,
          null,
          null,
          null
        ]
      },
      "/Users/brendanbondurant/1mod/practice/ic4/election_day_2308/lib/election.rb": {
        "lines": [
          1,
          1,
          1,
          6,
          6,
          6,
          6,
          null,
          null,
          null,
          1,
          1,
          null,
          null,
          1,
          2,
          null,
          null,
          1,
          2,
          null,
          null
        ]
      },
      "/Users/brendanbondurant/1mod/practice/ic4/election_day_2308/spec/election_spec.rb": {
        "lines": [
          1,
          null,
          1,
          1,
          1,
          1,
          1,
          null,
          1,
          1,
          1,
          null,
          1,
          1,
          1,
          null,
          null,
          null,
          1,
          1,
          1,
          1,
          1,
          1,
          null,
          null,
          1,
          1,
          1,
          1,
          1,
          1,
          1,
          null,
          null,
          1,
          1,
          1,
          1,
          1,
          1,
          1,
          1,
          1,
          1,
          1,
          null,
          null,
          null
        ]
      },
      "/Users/brendanbondurant/1mod/practice/ic4/election_day_2308/spec/race_spec.rb": {
        "lines": [
          1,
          null,
          1,
          1,
          1,
          1,
          1,
          null,
          1,
          1,
          1,
          null,
          null,
          null,
          1,
          1,
          1,
          1,
          1,
          1,
          1,
          null,
          1,
          1,
          1,
          1,
          1,
          1,
          null,
          null,
          1,
          1,
          1,
          1,
          1,
          1,
          1,
          1,
          null,
          null,
          null,
          1,
          1,
          1,
          1,
          null,
          null,
          1,
          1,
          1,
          1,
          1,
          1,
          null,
          null,
          1,
          1,
          1,
          1,
          null,
          null,
          null,
          null
        ]
      }
    },
    "timestamp": 1694780630
  }
}
