{
  "RSpec": {
    "coverage": {
      "/Users/brendanbondurant/1mod/practice/ic4/election_day_2308/lib/candidate.rb": {
        "lines": [
          1,
          1,
          null,
          1,
          5,
          5,
          5,
          null,
          null,
          1,
          9,
          null,
          null
        ]
      },
      "/Users/brendanbondurant/1mod/practice/ic4/election_day_2308/lib/race.rb": {
        "lines": [
          1,
          1,
          1,
          1,
          1,
          null,
          null,
          1,
          0,
          null,
          null,
          null,
          null
        ]
      },
      "/Users/brendanbondurant/1mod/practice/ic4/election_day_2308/lib/election.rb": {
        "lines": [
          1,
          1,
          1,
          7,
          7,
          7,
          7,
          null,
          null,
          null,
          1,
          1,
          null,
          null,
          1,
          2,
          null,
          null,
          1,
          4,
          null,
          null
        ]
      }
    },
    "timestamp": 1694777796
  }
}
